Arguments: 
  D:\nodejs\node.exe D:\nodejs\node_modules\yarn\bin\yarn.js add -D @types/node

PATH: 
  %SystemRoot%\system32\WBEM;D:\nvm\npm;D:\VMware\bin\;C:\Program Files (x86)\Common Files\Oracle\Java\javapath;C:\Windows\system32;C:\Windows;C:\Windows\System32\Wbem;C:\Windows\System32\WindowsPowerShell\v1.0\;C:\Windows\System32\OpenSSH\;D:\微信web开发者工具\dll;C:\Program Files\Git\cmd;C:\Program Files\Docker\Docker\resources\bin;C:\Program Files\Java\jdk-1.8\bin;D:\newMaven\apache-maven-3.9.4\bin;C:\Program Files\nodejs\;D:\nvm;D:\nodejs;C:\Program Files\Bandizip\;C:\Users\Jie\AppData\Local\Programs\Python\Python312\Scripts\;C:\Users\Jie\AppData\Local\Programs\Python\Python312\;C:\Users\Jie\AppData\Local\pnpm;C:\Users\Jie\AppData\Local\Microsoft\WindowsApps;D:\Microsoft VS Code\bin;D:\PyCharm 2022.3.3\bin;D:\IntelliJ IDEA 2022.3.3\bin;D:\WebStorm 2023.2\bin;C:\Program Files\JetBrains\GoLand 2023.2.2\bin;C:\Program Files\JetBrains\RustRover 233.8264.22\bin;C:\Users\Jie\AppData\Roaming\npm;D:\nvm;D:\nodejs;C:\Program Files\cpolar\;C:\Users\Jie\AppData\Local\Programs\Python\Python312\Scripts\;C:\Users\Jie\AppData\Local\Programs\Python\Python312\;C:\Users\Jie\AppData\Local\pnpm;C:\Users\Jie\AppData\Local\Microsoft\WindowsApps;D:\Microsoft VS Code\bin;D:\PyCharm 2022.3.3\bin;;D:\IntelliJ IDEA 2022.3.3\bin;;D:\WebStorm 2023.2\bin;;C:\Program Files\JetBrains\GoLand 2023.2.2\bin;;C:\Program Files\JetBrains\RustRover 233.8264.22\bin;;C:\Users\Jie\AppData\Roaming\npm;D:\nvm;D:\nodejs;C:\Program Files\cpolar\;D:\project\jieapi\jieapi-fronted-vue\node_modules\.bin

Yarn version: 
  1.22.19

Node version: 
  20.9.0

Platform: 
  win32 x64

Trace: 
  Error: EPERM: operation not permitted, unlink 'D:\project\jieapi\jieapi-fronted-vue\node_modules\@rollup\rollup-win32-x64-msvc\rollup.win32-x64-msvc.node'

npm manifest: 
  {
    "name": "jieapi-fronted-vue",
    "private": true,
    "version": "0.0.0",
    "type": "module",
    "scripts": {
      "dev": "vite",
      "build": "vue-tsc && vite build",
      "preview": "vite preview"
    },
    "dependencies": {
      "@element-plus/icons-vue": "^2.1.0",
      "axios": "^1.6.2",
      "element-plus": "^2.4.2",
      "vue": "^3.3.8",
      "vue-router": "^4.2.5"
    },
    "devDependencies": {
      "@vitejs/plugin-vue": "^4.5.0",
      "typescript": "^5.2.2",
      "unplugin-auto-import": "^0.16.7",
      "unplugin-vue-components": "^0.25.2",
      "vite": "^5.0.0",
      "vue-tsc": "^1.8.22"
    }
  }

yarn manifest: 
  No manifest

Lockfile: 
  # THIS IS AN AUTOGENERATED FILE. DO NOT EDIT THIS FILE DIRECTLY.
  # yarn lockfile v1
  
  
  "@antfu/utils@^0.7.5", "@antfu/utils@^0.7.6":
    version "0.7.6"
    resolved "https://registry.npmmirror.com/@antfu/utils/-/utils-0.7.6.tgz"
    integrity sha512-pvFiLP2BeOKA/ZOS6jxx4XhKzdVLHDhGlFEaZ2flWWYf2xOqVniqpk38I04DFRyz+L0ASggl7SkItTc+ZLju4w==
  
  "@babel/parser@^7.15.8", "@babel/parser@^7.23.0":
    version "7.23.3"
    resolved "https://registry.npmmirror.com/@babel/parser/-/parser-7.23.3.tgz"
    integrity sha512-uVsWNvlVsIninV2prNz/3lHCb+5CJ+e+IUBfbjToAHODtfGYLfCFuY4AU7TskI+dAKk+njsPiBjq1gKTvZOBaw==
  
  "@ctrl/tinycolor@^3.4.1":
    version "3.6.1"
    resolved "https://registry.npmmirror.com/@ctrl/tinycolor/-/tinycolor-3.6.1.tgz"
    integrity sha512-SITSV6aIXsuVNV3f3O0f2n/cgyEDWoSqtZMYiAmcsYHydcKrOz3gUxB/iXd/Qf08+IZX4KpgNbvUdMBmWz+kcA==
  
  "@element-plus/icons-vue@^2.0.6", "@element-plus/icons-vue@^2.1.0":
    version "2.1.0"
    resolved "https://registry.npmmirror.com/@element-plus/icons-vue/-/icons-vue-2.1.0.tgz"
    integrity sha512-PSBn3elNoanENc1vnCfh+3WA9fimRC7n+fWkf3rE5jvv+aBohNHABC/KAR5KWPecxWxDTVT1ERpRbOMRcOV/vA==
  
  "@esbuild/win32-x64@0.19.5":
    version "0.19.5"
    resolved "https://registry.npmmirror.com/@esbuild/win32-x64/-/win32-x64-0.19.5.tgz"
    integrity sha512-czTrygUsB/jlM8qEW5MD8bgYU2Xg14lo6kBDXW6HdxKjh8M5PzETGiSHaz9MtbXBYDloHNUAUW2tMiKW4KM9Mw==
  
  "@floating-ui/core@^1.4.2":
    version "1.5.0"
    resolved "https://registry.npmmirror.com/@floating-ui/core/-/core-1.5.0.tgz"
    integrity sha512-kK1h4m36DQ0UHGj5Ah4db7R0rHemTqqO0QLvUqi1/mUUp3LuAWbWxdxSIf/XsnH9VS6rRVPLJCncjRzUvyCLXg==
    dependencies:
      "@floating-ui/utils" "^0.1.3"
  
  "@floating-ui/dom@^1.0.1":
    version "1.5.3"
    resolved "https://registry.npmmirror.com/@floating-ui/dom/-/dom-1.5.3.tgz"
    integrity sha512-ClAbQnEqJAKCJOEbbLo5IUlZHkNszqhuxS4fHAVxRPXPya6Ysf2G8KypnYcOTpx6I8xcgF9bbHb6g/2KpbV8qA==
    dependencies:
      "@floating-ui/core" "^1.4.2"
      "@floating-ui/utils" "^0.1.3"
  
  "@floating-ui/utils@^0.1.3":
    version "0.1.6"
    resolved "https://registry.npmmirror.com/@floating-ui/utils/-/utils-0.1.6.tgz"
    integrity sha512-OfX7E2oUDYxtBvsuS4e/jSn4Q9Qb6DzgeYtsAdkPZ47znpoNsMgZw0+tVijiv3uGNR6dgNlty6r9rzIzHjtd/A==
  
  "@jridgewell/sourcemap-codec@^1.4.15":
    version "1.4.15"
    resolved "https://registry.npmmirror.com/@jridgewell/sourcemap-codec/-/sourcemap-codec-1.4.15.tgz"
    integrity sha512-eF2rxCRulEKXHTRiDrDy6erMYWqNw4LPdQ8UQA4huuxaQsVeRPFl2oM8oDGxMFhJUWZf9McpLtJasDDZb/Bpeg==
  
  "@nodelib/fs.scandir@2.1.5":
    version "2.1.5"
    resolved "https://registry.npmmirror.com/@nodelib/fs.scandir/-/fs.scandir-2.1.5.tgz"
    integrity sha512-vq24Bq3ym5HEQm2NKCr3yXDwjc7vTsEThRDnkp2DK9p1uqLR+DHurm/NOTo0KG7HYHU7eppKZj3MyqYuMBf62g==
    dependencies:
      "@nodelib/fs.stat" "2.0.5"
      run-parallel "^1.1.9"
  
  "@nodelib/fs.stat@^2.0.2", "@nodelib/fs.stat@2.0.5":
    version "2.0.5"
    resolved "https://registry.npmmirror.com/@nodelib/fs.stat/-/fs.stat-2.0.5.tgz"
    integrity sha512-RkhPPp2zrqDAQA/2jNhnztcPAlv64XdhIp7a7454A5ovI7Bukxgt7MX7udwAu3zg1DcpPU0rz3VV1SeaqvY4+A==
  
  "@nodelib/fs.walk@^1.2.3":
    version "1.2.8"
    resolved "https://registry.npmmirror.com/@nodelib/fs.walk/-/fs.walk-1.2.8.tgz"
    integrity sha512-oGB+UxlgWcgQkgwo8GcEGwemoTFt3FIO9ababBmaGwXIoBKZ+GTy0pP185beGg7Llih/NSHSV2XAs1lnznocSg==
    dependencies:
      "@nodelib/fs.scandir" "2.1.5"
      fastq "^1.6.0"
  
  "@popperjs/core@npm:@sxzz/popperjs-es@^2.11.7":
    version "2.11.7"
    resolved "https://registry.npmmirror.com/@sxzz/popperjs-es/-/popperjs-es-2.11.7.tgz"
    integrity sha512-Ccy0NlLkzr0Ex2FKvh2X+OyERHXJ88XJ1MXtsI9y9fGexlaXaVTPzBCRBwIxFkORuOb+uBqeu+RqnpgYTEZRUQ==
  
  "@rollup/pluginutils@^5.0.2", "@rollup/pluginutils@^5.0.5":
    version "5.0.5"
    resolved "https://registry.npmmirror.com/@rollup/pluginutils/-/pluginutils-5.0.5.tgz"
    integrity sha512-6aEYR910NyP73oHiJglti74iRyOwgFU4x3meH/H8OJx6Ry0j6cOVZ5X/wTvub7G7Ao6qaHBEaNsV3GLJkSsF+Q==
    dependencies:
      "@types/estree" "^1.0.0"
      estree-walker "^2.0.2"
      picomatch "^2.3.1"
  
  "@rollup/rollup-win32-x64-msvc@4.5.0":
    version "4.5.0"
    resolved "https://registry.npmmirror.com/@rollup/rollup-win32-x64-msvc/-/rollup-win32-x64-msvc-4.5.0.tgz"
    integrity sha512-8kdW+brNhI/NzJ4fxDufuJUjepzINqJKLGHuxyAtpPG9bMbn8P5mtaCcbOm0EzLJ+atg+kF9dwg8jpclkVqx5w==
  
  "@types/estree@^1.0.0":
    version "1.0.5"
    resolved "https://registry.npmmirror.com/@types/estree/-/estree-1.0.5.tgz"
    integrity sha512-/kYRxGDLWzHOB7q+wtSUQlFrtcdUccpfy+X+9iMBpHK8QLLhx2wIPYuS5DYtR9Wa/YlZAbIovy7qVdB1Aq6Lyw==
  
  "@types/lodash-es@*", "@types/lodash-es@^4.17.6":
    version "4.17.11"
    resolved "https://registry.npmmirror.com/@types/lodash-es/-/lodash-es-4.17.11.tgz"
    integrity sha512-eCw8FYAWHt2DDl77s+AMLLzPn310LKohruumpucZI4oOFJkIgnlaJcy23OKMJxx4r9PeTF13Gv6w+jqjWQaYUg==
    dependencies:
      "@types/lodash" "*"
  
  "@types/lodash@*", "@types/lodash@^4.14.182":
    version "4.14.201"
    resolved "https://registry.npmmirror.com/@types/lodash/-/lodash-4.14.201.tgz"
    integrity sha512-y9euML0cim1JrykNxADLfaG0FgD1g/yTHwUs/Jg9ZIU7WKj2/4IW9Lbb1WZbvck78W/lfGXFfe+u2EGfIJXdLQ==
  
  "@types/web-bluetooth@^0.0.16":
    version "0.0.16"
    resolved "https://registry.npmmirror.com/@types/web-bluetooth/-/web-bluetooth-0.0.16.tgz"
    integrity sha512-oh8q2Zc32S6gd/j50GowEjKLoOVOwHP/bWVjKJInBwQqdOYMdPrf1oVlelTlyfFK3CKxL1uahMDAr+vy8T7yMQ==
  
  "@vitejs/plugin-vue@^4.5.0":
    version "4.5.0"
    resolved "https://registry.npmmirror.com/@vitejs/plugin-vue/-/plugin-vue-4.5.0.tgz"
    integrity sha512-a2WSpP8X8HTEww/U00bU4mX1QpLINNuz/2KMNpLsdu3BzOpak3AGI1CJYBTXcc4SPhaD0eNRUp7IyQK405L5dQ==
  
  "@volar/language-core@~1.10.5", "@volar/language-core@1.10.10":
    version "1.10.10"
    resolved "https://registry.npmmirror.com/@volar/language-core/-/language-core-1.10.10.tgz"
    integrity sha512-nsV1o3AZ5n5jaEAObrS3MWLBWaGwUj/vAsc15FVNIv+DbpizQRISg9wzygsHBr56ELRH8r4K75vkYNMtsSNNWw==
    dependencies:
      "@volar/source-map" "1.10.10"
  
  "@volar/source-map@~1.10.5", "@volar/source-map@1.10.10":
    version "1.10.10"
    resolved "https://registry.npmmirror.com/@volar/source-map/-/source-map-1.10.10.tgz"
    integrity sha512-GVKjLnifV4voJ9F0vhP56p4+F3WGf+gXlRtjFZsv6v3WxBTWU3ZVeaRaEHJmWrcv5LXmoYYpk/SC25BKemPRkg==
    dependencies:
      muggle-string "^0.3.1"
  
  "@volar/typescript@~1.10.5":
    version "1.10.10"
    resolved "https://registry.npmmirror.com/@volar/typescript/-/typescript-1.10.10.tgz"
    integrity sha512-4a2r5bdUub2m+mYVnLu2wt59fuoYWe7nf0uXtGHU8QQ5LDNfzAR0wK7NgDiQ9rcl2WT3fxT2AA9AylAwFtj50A==
    dependencies:
      "@volar/language-core" "1.10.10"
      path-browserify "^1.0.1"
  
  "@vue/compiler-core@3.3.8":
    version "3.3.8"
    resolved "https://registry.npmmirror.com/@vue/compiler-core/-/compiler-core-3.3.8.tgz"
    integrity sha512-hN/NNBUECw8SusQvDSqqcVv6gWq8L6iAktUR0UF3vGu2OhzRqcOiAno0FmBJWwxhYEXRlQJT5XnoKsVq1WZx4g==
    dependencies:
      "@babel/parser" "^7.23.0"
      "@vue/shared" "3.3.8"
      estree-walker "^2.0.2"
      source-map-js "^1.0.2"
  
  "@vue/compiler-dom@^3.3.0", "@vue/compiler-dom@3.3.8":
    version "3.3.8"
    resolved "https://registry.npmmirror.com/@vue/compiler-dom/-/compiler-dom-3.3.8.tgz"
    integrity sha512-+PPtv+p/nWDd0AvJu3w8HS0RIm/C6VGBIRe24b9hSyNWOAPEUosFZ5diwawwP8ip5sJ8n0Pe87TNNNHnvjs0FQ==
    dependencies:
      "@vue/compiler-core" "3.3.8"
      "@vue/shared" "3.3.8"
  
  "@vue/compiler-sfc@3.3.8":
    version "3.3.8"
    resolved "https://registry.npmmirror.com/@vue/compiler-sfc/-/compiler-sfc-3.3.8.tgz"
    integrity sha512-WMzbUrlTjfYF8joyT84HfwwXo+8WPALuPxhy+BZ6R4Aafls+jDBnSz8PDz60uFhuqFbl3HxRfxvDzrUf3THwpA==
    dependencies:
      "@babel/parser" "^7.23.0"
      "@vue/compiler-core" "3.3.8"
      "@vue/compiler-dom" "3.3.8"
      "@vue/compiler-ssr" "3.3.8"
      "@vue/reactivity-transform" "3.3.8"
      "@vue/shared" "3.3.8"
      estree-walker "^2.0.2"
      magic-string "^0.30.5"
      postcss "^8.4.31"
      source-map-js "^1.0.2"
  
  "@vue/compiler-ssr@3.3.8":
    version "3.3.8"
    resolved "https://registry.npmmirror.com/@vue/compiler-ssr/-/compiler-ssr-3.3.8.tgz"
    integrity sha512-hXCqQL/15kMVDBuoBYpUnSYT8doDNwsjvm3jTefnXr+ytn294ySnT8NlsFHmTgKNjwpuFy7XVV8yTeLtNl/P6w==
    dependencies:
      "@vue/compiler-dom" "3.3.8"
      "@vue/shared" "3.3.8"
  
  "@vue/devtools-api@^6.5.0":
    version "6.5.1"
    resolved "https://registry.npmmirror.com/@vue/devtools-api/-/devtools-api-6.5.1.tgz"
    integrity sha512-+KpckaAQyfbvshdDW5xQylLni1asvNSGme1JFs8I1+/H5pHEhqUKMEQD/qn3Nx5+/nycBq11qAEi8lk+LXI2dA==
  
  "@vue/language-core@1.8.22":
    version "1.8.22"
    resolved "https://registry.npmmirror.com/@vue/language-core/-/language-core-1.8.22.tgz"
    integrity sha512-bsMoJzCrXZqGsxawtUea1cLjUT9dZnDsy5TuZ+l1fxRMzUGQUG9+Ypq4w//CqpWmrx7nIAJpw2JVF/t258miRw==
    dependencies:
      "@volar/language-core" "~1.10.5"
      "@volar/source-map" "~1.10.5"
      "@vue/compiler-dom" "^3.3.0"
      "@vue/shared" "^3.3.0"
      computeds "^0.0.1"
      minimatch "^9.0.3"
      muggle-string "^0.3.1"
      vue-template-compiler "^2.7.14"
  
  "@vue/reactivity-transform@3.3.8":
    version "3.3.8"
    resolved "https://registry.npmmirror.com/@vue/reactivity-transform/-/reactivity-transform-3.3.8.tgz"
    integrity sha512-49CvBzmZNtcHua0XJ7GdGifM8GOXoUMOX4dD40Y5DxI3R8OUhMlvf2nvgUAcPxaXiV5MQQ1Nwy09ADpnLQUqRw==
    dependencies:
      "@babel/parser" "^7.23.0"
      "@vue/compiler-core" "3.3.8"
      "@vue/shared" "3.3.8"
      estree-walker "^2.0.2"
      magic-string "^0.30.5"
  
  "@vue/reactivity@3.3.8":
    version "3.3.8"
    resolved "https://registry.npmmirror.com/@vue/reactivity/-/reactivity-3.3.8.tgz"
    integrity sha512-ctLWitmFBu6mtddPyOKpHg8+5ahouoTCRtmAHZAXmolDtuZXfjL2T3OJ6DL6ezBPQB1SmMnpzjiWjCiMYmpIuw==
    dependencies:
      "@vue/shared" "3.3.8"
  
  "@vue/runtime-core@3.3.8":
    version "3.3.8"
    resolved "https://registry.npmmirror.com/@vue/runtime-core/-/runtime-core-3.3.8.tgz"
    integrity sha512-qurzOlb6q26KWQ/8IShHkMDOuJkQnQcTIp1sdP4I9MbCf9FJeGVRXJFr2mF+6bXh/3Zjr9TDgURXrsCr9bfjUw==
    dependencies:
      "@vue/reactivity" "3.3.8"
      "@vue/shared" "3.3.8"
  
  "@vue/runtime-dom@3.3.8":
    version "3.3.8"
    resolved "https://registry.npmmirror.com/@vue/runtime-dom/-/runtime-dom-3.3.8.tgz"
    integrity sha512-Noy5yM5UIf9UeFoowBVgghyGGPIDPy1Qlqt0yVsUdAVbqI8eeMSsTqBtauaEoT2UFXUk5S64aWVNJN4MJ2vRdA==
    dependencies:
      "@vue/runtime-core" "3.3.8"
      "@vue/shared" "3.3.8"
      csstype "^3.1.2"
  
  "@vue/server-renderer@3.3.8":
    version "3.3.8"
    resolved "https://registry.npmmirror.com/@vue/server-renderer/-/server-renderer-3.3.8.tgz"
    integrity sha512-zVCUw7RFskvPuNlPn/8xISbrf0zTWsTSdYTsUTN1ERGGZGVnRxM2QZ3x1OR32+vwkkCm0IW6HmJ49IsPm7ilLg==
    dependencies:
      "@vue/compiler-ssr" "3.3.8"
      "@vue/shared" "3.3.8"
  
  "@vue/shared@^3.3.0", "@vue/shared@3.3.8":
    version "3.3.8"
    resolved "https://registry.npmmirror.com/@vue/shared/-/shared-3.3.8.tgz"
    integrity sha512-8PGwybFwM4x8pcfgqEQFy70NaQxASvOC5DJwLQfpArw1UDfUXrJkdxD3BhVTMS+0Lef/TU7YO0Jvr0jJY8T+mw==
  
  "@vueuse/core@*", "@vueuse/core@^9.1.0":
    version "9.13.0"
    resolved "https://registry.npmmirror.com/@vueuse/core/-/core-9.13.0.tgz"
    integrity sha512-pujnclbeHWxxPRqXWmdkKV5OX4Wk4YeK7wusHqRwU0Q7EFusHoqNA/aPhB6KCh9hEqJkLAJo7bb0Lh9b+OIVzw==
    dependencies:
      "@types/web-bluetooth" "^0.0.16"
      "@vueuse/metadata" "9.13.0"
      "@vueuse/shared" "9.13.0"
      vue-demi "*"
  
  "@vueuse/metadata@9.13.0":
    version "9.13.0"
    resolved "https://registry.npmmirror.com/@vueuse/metadata/-/metadata-9.13.0.tgz"
    integrity sha512-gdU7TKNAUVlXXLbaF+ZCfte8BjRJQWPCa2J55+7/h+yDtzw3vOoGQDRXzI6pyKyo6bXFT5/QoPE4hAknExjRLQ==
  
  "@vueuse/shared@9.13.0":
    version "9.13.0"
    resolved "https://registry.npmmirror.com/@vueuse/shared/-/shared-9.13.0.tgz"
    integrity sha512-UrnhU+Cnufu4S6JLCPZnkWh0WwZGUp72ktOF2DFptMlOs3TOdVv8xJN53zhHGARmVOsz5KqOls09+J1NR6sBKw==
    dependencies:
      vue-demi "*"
  
  acorn@^8.10.0, acorn@^8.11.2:
    version "8.11.2"
    resolved "https://registry.npmmirror.com/acorn/-/acorn-8.11.2.tgz"
    integrity sha512-nc0Axzp/0FILLEVsm4fNwLCwMttvhEI263QtVPQcbpfZZ3ts0hLsZGOpE6czNlid7CJ9MlyH8reXkpsf3YUY4w==
  
  anymatch@~3.1.2:
    version "3.1.3"
    resolved "https://registry.npmmirror.com/anymatch/-/anymatch-3.1.3.tgz"
    integrity sha512-KMReFUr0B4t+D+OBkjR3KYqvocp2XaSzO55UcB6mgQMd3KbcE+mWTyvVV7D/zsdEbNnV6acZUutkiHQXvTr1Rw==
    dependencies:
      normalize-path "^3.0.0"
      picomatch "^2.0.4"
  
  async-validator@^4.2.5:
    version "4.2.5"
    resolved "https://registry.npmmirror.com/async-validator/-/async-validator-4.2.5.tgz"
    integrity sha512-7HhHjtERjqlNbZtqNqy2rckN/SpOOlmDliet+lP7k+eKZEjPk3DgyeU9lIXLdeLz0uBbbVp+9Qdow9wJWgwwfg==
  
  asynckit@^0.4.0:
    version "0.4.0"
    resolved "https://registry.npmmirror.com/asynckit/-/asynckit-0.4.0.tgz"
    integrity sha512-Oei9OH4tRh0YqU3GxhX79dM/mwVgvbZJaSNaRk+bshkj0S5cfHcgYakreBjrHwatXKbz+IoIdYLxrKim2MjW0Q==
  
  axios@^1.6.2:
    version "1.6.2"
    resolved "https://registry.npmmirror.com/axios/-/axios-1.6.2.tgz"
    integrity sha512-7i24Ri4pmDRfJTR7LDBhsOTtcm+9kjX5WiY1X3wIisx6G9So3pfMkEiU7emUBe46oceVImccTEM3k6C5dbVW8A==
    dependencies:
      follow-redirects "^1.15.0"
      form-data "^4.0.0"
      proxy-from-env "^1.1.0"
  
  balanced-match@^1.0.0:
    version "1.0.2"
    resolved "https://registry.npmmirror.com/balanced-match/-/balanced-match-1.0.2.tgz"
    integrity sha512-3oSeUO0TMV67hN1AmbXsK4yaqU7tjiHlbxRDZOpH0KW9+CeX4bRAaX0Anxt0tx2MrpRpWwQaPwIlISEJhYU5Pw==
  
  binary-extensions@^2.0.0:
    version "2.2.0"
    resolved "https://registry.npmmirror.com/binary-extensions/-/binary-extensions-2.2.0.tgz"
    integrity sha512-jDctJ/IVQbZoJykoeHbhXpOlNBqGNcwXJKJog42E5HDPUwQTSdjCHdihjj0DlnheQ7blbT6dHOafNAiS8ooQKA==
  
  brace-expansion@^2.0.1:
    version "2.0.1"
    resolved "https://registry.npmmirror.com/brace-expansion/-/brace-expansion-2.0.1.tgz"
    integrity sha512-XnAIvQ8eM+kC6aULx6wuQiwVsnzsi9d3WxzV3FpWTGA19F621kwdbsAcFKXgKUHZWsy+mY6iL1sHTxWEFCytDA==
    dependencies:
      balanced-match "^1.0.0"
  
  braces@^3.0.2, braces@~3.0.2:
    version "3.0.2"
    resolved "https://registry.npmmirror.com/braces/-/braces-3.0.2.tgz"
    integrity sha512-b8um+L1RzM3WDSzvhm6gIz1yfTbBt6YTlcEKAvsmqCZZFw46z626lVj9j1yEPW33H5H+lBQpZMP1k8l+78Ha0A==
    dependencies:
      fill-range "^7.0.1"
  
  chokidar@^3.5.3:
    version "3.5.3"
    resolved "https://registry.npmmirror.com/chokidar/-/chokidar-3.5.3.tgz"
    integrity sha512-Dr3sfKRP6oTcjf2JmUmFJfeVMvXBdegxB0iVQ5eb2V10uFJUCAS8OByZdVAyVb8xXNz3GjjTgj9kLWsZTqE6kw==
    dependencies:
      anymatch "~3.1.2"
      braces "~3.0.2"
      glob-parent "~5.1.2"
      is-binary-path "~2.1.0"
      is-glob "~4.0.1"
      normalize-path "~3.0.0"
      readdirp "~3.6.0"
    optionalDependencies:
      fsevents "~2.3.2"
  
  combined-stream@^1.0.8:
    version "1.0.8"
    resolved "https://registry.npmmirror.com/combined-stream/-/combined-stream-1.0.8.tgz"
    integrity sha512-FQN4MRfuJeHf7cBbBMJFXhKSDq+2kAArBlmRBvcvFE5BB1HZKXtSFASDhdlz9zOYwxh8lDdnvmMOe/+5cdoEdg==
    dependencies:
      delayed-stream "~1.0.0"
  
  computeds@^0.0.1:
    version "0.0.1"
    resolved "https://registry.npmmirror.com/computeds/-/computeds-0.0.1.tgz"
    integrity sha512-7CEBgcMjVmitjYo5q8JTJVra6X5mQ20uTThdK+0kR7UEaDrAWEQcRiBtWJzga4eRpP6afNwwLsX2SET2JhVB1Q==
  
  csstype@^3.1.2:
    version "3.1.2"
    resolved "https://registry.npmmirror.com/csstype/-/csstype-3.1.2.tgz"
    integrity sha512-I7K1Uu0MBPzaFKg4nI5Q7Vs2t+3gWWW648spaF+Rg7pI9ds18Ugn+lvg4SHczUdKlHI5LWBXyqfS8+DufyBsgQ==
  
  dayjs@^1.11.3:
    version "1.11.10"
    resolved "https://registry.npmmirror.com/dayjs/-/dayjs-1.11.10.tgz"
    integrity sha512-vjAczensTgRcqDERK0SR2XMwsF/tSvnvlv6VcF2GIhg6Sx4yOIt/irsr1RDJsKiIyBzJDpCoXiWWq28MqH2cnQ==
  
  de-indent@^1.0.2:
    version "1.0.2"
    resolved "https://registry.npmmirror.com/de-indent/-/de-indent-1.0.2.tgz"
    integrity sha512-e/1zu3xH5MQryN2zdVaF0OrdNLUbvWxzMbi+iNA6Bky7l1RoP8a2fIbRocyHclXt/arDrrR6lL3TqFD9pMQTsg==
  
  debug@^4.3.4:
    version "4.3.4"
    resolved "https://registry.npmmirror.com/debug/-/debug-4.3.4.tgz"
    integrity sha512-PRWFHuSU3eDtQJPvnNY7Jcket1j0t5OuOsFzPPzsekD52Zl8qUfFIPEiswXqIvHWGVHOgX+7G/vCNNhehwxfkQ==
    dependencies:
      ms "2.1.2"
  
  delayed-stream@~1.0.0:
    version "1.0.0"
    resolved "https://registry.npmmirror.com/delayed-stream/-/delayed-stream-1.0.0.tgz"
    integrity sha512-ZySD7Nf91aLB0RxL4KGrKHBXl7Eds1DAmEdcoVawXnLD7SDhpNgtuII2aAkg7a7QS41jxPSZ17p4VdGnMHk3MQ==
  
  element-plus@^2.4.2:
    version "2.4.2"
    resolved "https://registry.npmmirror.com/element-plus/-/element-plus-2.4.2.tgz"
    integrity sha512-E/HwXX7JF1LPvQSjs0fZ8WblIoc0quoXsRXQZiL7QDq7xJdNGSUaXtdk7xiEv7axPmLfEFtxE5du9fFspDrmJw==
    dependencies:
      "@ctrl/tinycolor" "^3.4.1"
      "@element-plus/icons-vue" "^2.0.6"
      "@floating-ui/dom" "^1.0.1"
      "@popperjs/core" "npm:@sxzz/popperjs-es@^2.11.7"
      "@types/lodash" "^4.14.182"
      "@types/lodash-es" "^4.17.6"
      "@vueuse/core" "^9.1.0"
      async-validator "^4.2.5"
      dayjs "^1.11.3"
      escape-html "^1.0.3"
      lodash "^4.17.21"
      lodash-es "^4.17.21"
      lodash-unified "^1.0.2"
      memoize-one "^6.0.0"
      normalize-wheel-es "^1.2.0"
  
  esbuild@^0.19.3:
    version "0.19.5"
    resolved "https://registry.npmmirror.com/esbuild/-/esbuild-0.19.5.tgz"
    integrity sha512-bUxalY7b1g8vNhQKdB24QDmHeY4V4tw/s6Ak5z+jJX9laP5MoQseTOMemAr0gxssjNcH0MCViG8ONI2kksvfFQ==
    optionalDependencies:
      "@esbuild/android-arm" "0.19.5"
      "@esbuild/android-arm64" "0.19.5"
      "@esbuild/android-x64" "0.19.5"
      "@esbuild/darwin-arm64" "0.19.5"
      "@esbuild/darwin-x64" "0.19.5"
      "@esbuild/freebsd-arm64" "0.19.5"
      "@esbuild/freebsd-x64" "0.19.5"
      "@esbuild/linux-arm" "0.19.5"
      "@esbuild/linux-arm64" "0.19.5"
      "@esbuild/linux-ia32" "0.19.5"
      "@esbuild/linux-loong64" "0.19.5"
      "@esbuild/linux-mips64el" "0.19.5"
      "@esbuild/linux-ppc64" "0.19.5"
      "@esbuild/linux-riscv64" "0.19.5"
      "@esbuild/linux-s390x" "0.19.5"
      "@esbuild/linux-x64" "0.19.5"
      "@esbuild/netbsd-x64" "0.19.5"
      "@esbuild/openbsd-x64" "0.19.5"
      "@esbuild/sunos-x64" "0.19.5"
      "@esbuild/win32-arm64" "0.19.5"
      "@esbuild/win32-ia32" "0.19.5"
      "@esbuild/win32-x64" "0.19.5"
  
  escape-html@^1.0.3:
    version "1.0.3"
    resolved "https://registry.npmmirror.com/escape-html/-/escape-html-1.0.3.tgz"
    integrity sha512-NiSupZ4OeuGwr68lGIeym/ksIZMJodUGOSCZ/FSnTxcrekbvqrgdUxlJOMpijaKZVjAJrWrGs/6Jy8OMuyj9ow==
  
  escape-string-regexp@^5.0.0:
    version "5.0.0"
    resolved "https://registry.npmmirror.com/escape-string-regexp/-/escape-string-regexp-5.0.0.tgz"
    integrity sha512-/veY75JbMK4j1yjvuUxuVsiS/hr/4iHs9FTT6cgTexxdE0Ly/glccBAkloH/DofkjRbZU3bnoj38mOmhkZ0lHw==
  
  estree-walker@^2.0.2:
    version "2.0.2"
    resolved "https://registry.npmmirror.com/estree-walker/-/estree-walker-2.0.2.tgz"
    integrity sha512-Rfkk/Mp/DL7JVje3u18FxFujQlTNR2q6QfMSMB7AvCBx91NGj/ba3kCfza0f6dVDbw7YlRf/nDrn7pQrCCyQ/w==
  
  fast-glob@^3.3.0, fast-glob@^3.3.1, fast-glob@^3.3.2:
    version "3.3.2"
    resolved "https://registry.npmmirror.com/fast-glob/-/fast-glob-3.3.2.tgz"
    integrity sha512-oX2ruAFQwf/Orj8m737Y5adxDQO0LAB7/S5MnxCdTNDd4p6BsyIVsv9JQsATbTSq8KHRpLwIHbVlUNatxd+1Ow==
    dependencies:
      "@nodelib/fs.stat" "^2.0.2"
      "@nodelib/fs.walk" "^1.2.3"
      glob-parent "^5.1.2"
      merge2 "^1.3.0"
      micromatch "^4.0.4"
  
  fastq@^1.6.0:
    version "1.15.0"
    resolved "https://registry.npmmirror.com/fastq/-/fastq-1.15.0.tgz"
    integrity sha512-wBrocU2LCXXa+lWBt8RoIRD89Fi8OdABODa/kEnyeyjS5aZO5/GNvI5sEINADqP/h8M29UHTHUb53sUu5Ihqdw==
    dependencies:
      reusify "^1.0.4"
  
  fill-range@^7.0.1:
    version "7.0.1"
    resolved "https://registry.npmmirror.com/fill-range/-/fill-range-7.0.1.tgz"
    integrity sha512-qOo9F+dMUmC2Lcb4BbVvnKJxTPjCm+RRpe4gDuGrzkL7mEVl/djYSu2OdQ2Pa302N4oqkSg9ir6jaLWJ2USVpQ==
    dependencies:
      to-regex-range "^5.0.1"
  
  follow-redirects@^1.15.0:
    version "1.15.3"
    resolved "https://registry.npmmirror.com/follow-redirects/-/follow-redirects-1.15.3.tgz"
    integrity sha512-1VzOtuEM8pC9SFU1E+8KfTjZyMztRsgEfwQl44z8A25uy13jSzTj6dyK2Df52iV0vgHCfBwLhDWevLn95w5v6Q==
  
  form-data@^4.0.0:
    version "4.0.0"
    resolved "https://registry.npmmirror.com/form-data/-/form-data-4.0.0.tgz"
    integrity sha512-ETEklSGi5t0QMZuiXoA/Q6vcnxcLQP5vdugSpuAyi6SVGi2clPPp+xgEhuMaHC+zGgn31Kd235W35f7Hykkaww==
    dependencies:
      asynckit "^0.4.0"
      combined-stream "^1.0.8"
      mime-types "^2.1.12"
  
  function-bind@^1.1.2:
    version "1.1.2"
    resolved "https://registry.npmmirror.com/function-bind/-/function-bind-1.1.2.tgz"
    integrity sha512-7XHNxH7qX9xG5mIwxkhumTox/MIRNcOgDrxWsMt2pAr23WHp6MrRlN7FBSFpCpr+oVO0F744iUgR82nJMfG2SA==
  
  glob-parent@^5.1.2, glob-parent@~5.1.2:
    version "5.1.2"
    resolved "https://registry.npmmirror.com/glob-parent/-/glob-parent-5.1.2.tgz"
    integrity sha512-AOIgSQCepiJYwP3ARnGx+5VnTu2HBYdzbGP45eLw1vr3zB3vZLeyed1sC9hnbcOc9/SrMyM5RPQrkGz4aS9Zow==
    dependencies:
      is-glob "^4.0.1"
  
  hasown@^2.0.0:
    version "2.0.0"
    resolved "https://registry.npmmirror.com/hasown/-/hasown-2.0.0.tgz"
    integrity sha512-vUptKVTpIJhcczKBbgnS+RtcuYMB8+oNzPK2/Hp3hanz8JmpATdmmgLgSaadVREkDm+e2giHwY3ZRkyjSIDDFA==
    dependencies:
      function-bind "^1.1.2"
  
  he@^1.2.0:
    version "1.2.0"
    resolved "https://registry.npmmirror.com/he/-/he-1.2.0.tgz"
    integrity sha512-F/1DnUGPopORZi0ni+CvrCgHQ5FyEAHRLSApuYWMmrbSwoN2Mn/7k+Gl38gJnR7yyDZk6WLXwiGod1JOWNDKGw==
  
  is-binary-path@~2.1.0:
    version "2.1.0"
    resolved "https://registry.npmmirror.com/is-binary-path/-/is-binary-path-2.1.0.tgz"
    integrity sha512-ZMERYes6pDydyuGidse7OsHxtbI7WVeUEozgR/g7rd0xUimYNlvZRE/K2MgZTjWy725IfelLeVcEM97mmtRGXw==
    dependencies:
      binary-extensions "^2.0.0"
  
  is-core-module@^2.13.0:
    version "2.13.1"
    resolved "https://registry.npmmirror.com/is-core-module/-/is-core-module-2.13.1.tgz"
    integrity sha512-hHrIjvZsftOsvKSn2TRYl63zvxsgE0K+0mYMoH6gD4omR5IWB2KynivBQczo3+wF1cCkjzvptnI9Q0sPU66ilw==
    dependencies:
      hasown "^2.0.0"
  
  is-extglob@^2.1.1:
    version "2.1.1"
    resolved "https://registry.npmmirror.com/is-extglob/-/is-extglob-2.1.1.tgz"
    integrity sha512-SbKbANkN603Vi4jEZv49LeVJMn4yGwsbzZworEoyEiutsN3nJYdbO36zfhGJ6QEDpOZIFkDtnq5JRxmvl3jsoQ==
  
  is-glob@^4.0.1, is-glob@~4.0.1:
    version "4.0.3"
    resolved "https://registry.npmmirror.com/is-glob/-/is-glob-4.0.3.tgz"
    integrity sha512-xelSayHH36ZgE7ZWhli7pW34hNbNl8Ojv5KVmkJD4hBdD3th8Tfk9vYasLM+mXWOZhFkgZfxhLSnrwRr4elSSg==
    dependencies:
      is-extglob "^2.1.1"
  
  is-number@^7.0.0:
    version "7.0.0"
    resolved "https://registry.npmmirror.com/is-number/-/is-number-7.0.0.tgz"
    integrity sha512-41Cifkg6e8TylSpdtTpeLVMqvSBEVzTttHvERD741+pnZ8ANv0004MRL43QKPDlK9cGvNp6NZWZUBlbGXYxxng==
  
  jsonc-parser@^3.2.0:
    version "3.2.0"
    resolved "https://registry.npmmirror.com/jsonc-parser/-/jsonc-parser-3.2.0.tgz"
    integrity sha512-gfFQZrcTc8CnKXp6Y4/CBT3fTc0OVuDofpre4aEeEpSBPV5X5v4+Vmx+8snU7RLPrNHPKSgLxGo9YuQzz20o+w==
  
  local-pkg@^0.4.3:
    version "0.4.3"
    resolved "https://registry.npmmirror.com/local-pkg/-/local-pkg-0.4.3.tgz"
    integrity sha512-SFppqq5p42fe2qcZQqqEOiVRXl+WCP1MdT6k7BDEW1j++sp5fIY+/fdRQitvKgB5BrBcmrs5m/L0v2FrU5MY1g==
  
  local-pkg@^0.5.0:
    version "0.5.0"
    resolved "https://registry.npmmirror.com/local-pkg/-/local-pkg-0.5.0.tgz"
    integrity sha512-ok6z3qlYyCDS4ZEU27HaU6x/xZa9Whf8jD4ptH5UZTQYZVYeb9bnZ3ojVhiJNLiXK1Hfc0GNbLXcmZ5plLDDBg==
    dependencies:
      mlly "^1.4.2"
      pkg-types "^1.0.3"
  
  lodash-es@*, lodash-es@^4.17.21:
    version "4.17.21"
    resolved "https://registry.npmmirror.com/lodash-es/-/lodash-es-4.17.21.tgz"
    integrity sha512-mKnC+QJ9pWVzv+C4/U3rRsHapFfHvQFoFB92e52xeyGMcX6/OlIl78je1u8vePzYZSkkogMPJ2yjxxsb89cxyw==
  
  lodash-unified@^1.0.2:
    version "1.0.3"
    resolved "https://registry.npmmirror.com/lodash-unified/-/lodash-unified-1.0.3.tgz"
    integrity sha512-WK9qSozxXOD7ZJQlpSqOT+om2ZfcT4yO+03FuzAHD0wF6S0l0090LRPDx3vhTTLZ8cFKpBn+IOcVXK6qOcIlfQ==
  
  lodash@*, lodash@^4.17.21:
    version "4.17.21"
    resolved "https://registry.npmmirror.com/lodash/-/lodash-4.17.21.tgz"
    integrity sha512-v2kDEe57lecTulaDIuNTPy3Ry4gLGJ6Z1O3vE1krgXZNrsQ+LFTGHVxVjcXPs17LhbZVGedAJv8XZ1tvj5FvSg==
  
  lru-cache@^6.0.0:
    version "6.0.0"
    resolved "https://registry.npmmirror.com/lru-cache/-/lru-cache-6.0.0.tgz"
    integrity sha512-Jo6dJ04CmSjuznwJSS3pUeWmd/H0ffTlkXXgwZi+eq1UCmqQwCh+eLsYOYCwY991i2Fah4h1BEMCx4qThGbsiA==
    dependencies:
      yallist "^4.0.0"
  
  magic-string@^0.30.1, magic-string@^0.30.5:
    version "0.30.5"
    resolved "https://registry.npmmirror.com/magic-string/-/magic-string-0.30.5.tgz"
    integrity sha512-7xlpfBaQaP/T6Vh8MO/EqXSW5En6INHEvEXQiuff7Gku0PWjU3uf6w/j9o7O+SpB5fOAkrI5HeoNgwjEO0pFsA==
    dependencies:
      "@jridgewell/sourcemap-codec" "^1.4.15"
  
  memoize-one@^6.0.0:
    version "6.0.0"
    resolved "https://registry.npmmirror.com/memoize-one/-/memoize-one-6.0.0.tgz"
    integrity sha512-rkpe71W0N0c0Xz6QD0eJETuWAJGnJ9afsl1srmwPrI+yBCkge5EycXXbYRyvL29zZVUWQCY7InPRCv3GDXuZNw==
  
  merge2@^1.3.0:
    version "1.4.1"
    resolved "https://registry.npmmirror.com/merge2/-/merge2-1.4.1.tgz"
    integrity sha512-8q7VEgMJW4J8tcfVPy8g09NcQwZdbwFEqhe/WZkoIzjn/3TGDwtOCYtXGxA3O8tPzpczCCDgv+P2P5y00ZJOOg==
  
  micromatch@^4.0.4:
    version "4.0.5"
    resolved "https://registry.npmmirror.com/micromatch/-/micromatch-4.0.5.tgz"
    integrity sha512-DMy+ERcEW2q8Z2Po+WNXuw3c5YaUSFjAO5GsJqfEl7UjvtIuFKO6ZrKvcItdy98dwFI2N1tg3zNIdKaQT+aNdA==
    dependencies:
      braces "^3.0.2"
      picomatch "^2.3.1"
  
  mime-db@1.52.0:
    version "1.52.0"
    resolved "https://registry.npmmirror.com/mime-db/-/mime-db-1.52.0.tgz"
    integrity sha512-sPU4uV7dYlvtWJxwwxHD0PuihVNiE7TyAbQ5SWxDCB9mUYvOgroQOwYQQOKPJ8CIbE+1ETVlOoK1UC2nU3gYvg==
  
  mime-types@^2.1.12:
    version "2.1.35"
    resolved "https://registry.npmmirror.com/mime-types/-/mime-types-2.1.35.tgz"
    integrity sha512-ZDY+bPm5zTTF+YpCrAU9nK0UgICYPT0QtT1NZWFv4s++TNkcgVaT0g6+4R2uI4MjQjzysHB1zxuWL50hzaeXiw==
    dependencies:
      mime-db "1.52.0"
  
  minimatch@^9.0.3:
    version "9.0.3"
    resolved "https://registry.npmmirror.com/minimatch/-/minimatch-9.0.3.tgz"
    integrity sha512-RHiac9mvaRw0x3AYRgDC1CxAP7HTcNrrECeA8YYJeWnpo+2Q5CegtZjaotWTWxDG3UeGA1coE05iH1mPjT/2mg==
    dependencies:
      brace-expansion "^2.0.1"
  
  mlly@^1.2.0, mlly@^1.4.2:
    version "1.4.2"
    resolved "https://registry.npmmirror.com/mlly/-/mlly-1.4.2.tgz"
    integrity sha512-i/Ykufi2t1EZ6NaPLdfnZk2AX8cs0d+mTzVKuPfqPKPatxLApaBoxJQ9x1/uckXtrS/U5oisPMDkNs0yQTaBRg==
    dependencies:
      acorn "^8.10.0"
      pathe "^1.1.1"
      pkg-types "^1.0.3"
      ufo "^1.3.0"
  
  ms@2.1.2:
    version "2.1.2"
    resolved "https://registry.npmmirror.com/ms/-/ms-2.1.2.tgz"
    integrity sha512-sGkPx+VjMtmA6MX27oA4FBFELFCZZ4S4XqeGOXCv68tT+jb3vk/RyaKWP0PTKyWtmLSM0b+adUTEvbs1PEaH2w==
  
  muggle-string@^0.3.1:
    version "0.3.1"
    resolved "https://registry.npmmirror.com/muggle-string/-/muggle-string-0.3.1.tgz"
    integrity sha512-ckmWDJjphvd/FvZawgygcUeQCxzvohjFO5RxTjj4eq8kw359gFF3E1brjfI+viLMxss5JrHTDRHZvu2/tuy0Qg==
  
  nanoid@^3.3.6:
    version "3.3.7"
    resolved "https://registry.npmmirror.com/nanoid/-/nanoid-3.3.7.tgz"
    integrity sha512-eSRppjcPIatRIMC1U6UngP8XFcz8MQWGQdt1MTBQ7NaAmvXDfvNxbvWV3x2y6CdEUciCSsDHDQZbhYaB8QEo2g==
  
  normalize-path@^3.0.0, normalize-path@~3.0.0:
    version "3.0.0"
    resolved "https://registry.npmmirror.com/normalize-path/-/normalize-path-3.0.0.tgz"
    integrity sha512-6eZs5Ls3WtCisHWp9S2GUy8dqkpGi4BVSz3GaqiE6ezub0512ESztXUwUB6C6IKbQkY2Pnb/mD4WYojCRwcwLA==
  
  normalize-wheel-es@^1.2.0:
    version "1.2.0"
    resolved "https://registry.npmmirror.com/normalize-wheel-es/-/normalize-wheel-es-1.2.0.tgz"
    integrity sha512-Wj7+EJQ8mSuXr2iWfnujrimU35R2W4FAErEyTmJoJ7ucwTn2hOUSsRehMb5RSYkxXGTM7Y9QpvPmp++w5ftoJw==
  
  path-browserify@^1.0.1:
    version "1.0.1"
    resolved "https://registry.npmmirror.com/path-browserify/-/path-browserify-1.0.1.tgz"
    integrity sha512-b7uo2UCUOYZcnF/3ID0lulOJi/bafxa1xPe7ZPsammBSpjSWQkjNxlt635YGS2MiR9GjvuXCtz2emr3jbsz98g==
  
  path-parse@^1.0.7:
    version "1.0.7"
    resolved "https://registry.npmmirror.com/path-parse/-/path-parse-1.0.7.tgz"
    integrity sha512-LDJzPVEEEPR+y48z93A0Ed0yXb8pAByGWo/k5YYdYgpY2/2EsOsksJrq7lOHxryrVOn1ejG6oAp8ahvOIQD8sw==
  
  pathe@^1.1.0, pathe@^1.1.1:
    version "1.1.1"
    resolved "https://registry.npmmirror.com/pathe/-/pathe-1.1.1.tgz"
    integrity sha512-d+RQGp0MAYTIaDBIMmOfMwz3E+LOZnxx1HZd5R18mmCZY0QBlK0LDZfPc8FW8Ed2DlvsuE6PRjroDY+wg4+j/Q==
  
  picocolors@^1.0.0:
    version "1.0.0"
    resolved "https://registry.npmmirror.com/picocolors/-/picocolors-1.0.0.tgz"
    integrity sha512-1fygroTLlHu66zi26VoTDv8yRgm0Fccecssto+MhsZ0D/DGW2sm8E8AjW7NU5VVTRt5GxbeZ5qBuJr+HyLYkjQ==
  
  picomatch@^2.0.4, picomatch@^2.2.1, picomatch@^2.3.1:
    version "2.3.1"
    resolved "https://registry.npmmirror.com/picomatch/-/picomatch-2.3.1.tgz"
    integrity sha512-JU3teHTNjmE2VCGFzuY8EXzCDVwEqB2a8fsIvwaStHhAWJEeVd1o1QD80CU6+ZdEXXSLbSsuLwJjkCBWqRQUVA==
  
  pkg-types@^1.0.3:
    version "1.0.3"
    resolved "https://registry.npmmirror.com/pkg-types/-/pkg-types-1.0.3.tgz"
    integrity sha512-nN7pYi0AQqJnoLPC9eHFQ8AcyaixBUOwvqc5TDnIKCMEE6I0y8P7OKA7fPexsXGCGxQDl/cmrLAp26LhcwxZ4A==
    dependencies:
      jsonc-parser "^3.2.0"
      mlly "^1.2.0"
      pathe "^1.1.0"
  
  postcss@^8.4.31:
    version "8.4.31"
    resolved "https://registry.npmmirror.com/postcss/-/postcss-8.4.31.tgz"
    integrity sha512-PS08Iboia9mts/2ygV3eLpY5ghnUcfLV/EXTOW1E2qYxJKGGBUtNjN76FYHnMs36RmARn41bC0AZmn+rR0OVpQ==
    dependencies:
      nanoid "^3.3.6"
      picocolors "^1.0.0"
      source-map-js "^1.0.2"
  
  proxy-from-env@^1.1.0:
    version "1.1.0"
    resolved "https://registry.npmmirror.com/proxy-from-env/-/proxy-from-env-1.1.0.tgz"
    integrity sha512-D+zkORCbA9f1tdWRK0RaCR3GPv50cMxcrz4X8k5LTSUD1Dkw47mKJEZQNunItRTkWwgtaUSo1RVFRIG9ZXiFYg==
  
  queue-microtask@^1.2.2:
    version "1.2.3"
    resolved "https://registry.npmmirror.com/queue-microtask/-/queue-microtask-1.2.3.tgz"
    integrity sha512-NuaNSa6flKT5JaSYQzJok04JzTL1CA6aGhv5rfLW3PgqA+M2ChpZQnAC8h8i4ZFkBS8X5RqkDBHA7r4hej3K9A==
  
  readdirp@~3.6.0:
    version "3.6.0"
    resolved "https://registry.npmmirror.com/readdirp/-/readdirp-3.6.0.tgz"
    integrity sha512-hOS089on8RduqdbhvQ5Z37A0ESjsqz6qnRcffsMU3495FuTdqSm+7bhJ29JvIOsBDEEnan5DPu9t3To9VRlMzA==
    dependencies:
      picomatch "^2.2.1"
  
  resolve@^1.22.2:
    version "1.22.8"
    resolved "https://registry.npmmirror.com/resolve/-/resolve-1.22.8.tgz"
    integrity sha512-oKWePCxqpd6FlLvGV1VU0x7bkPmmCNolxzjMf4NczoDnQcIWrAF+cPtZn5i6n+RfD2d9i0tzpKnG6Yk168yIyw==
    dependencies:
      is-core-module "^2.13.0"
      path-parse "^1.0.7"
      supports-preserve-symlinks-flag "^1.0.0"
  
  reusify@^1.0.4:
    version "1.0.4"
    resolved "https://registry.npmmirror.com/reusify/-/reusify-1.0.4.tgz"
    integrity sha512-U9nH88a3fc/ekCF1l0/UP1IosiuIjyTh7hBvXVMHYgVcfGvt897Xguj2UOLDeI5BG2m7/uwyaLVT6fbtCwTyzw==
  
  rollup@^1.20.0||^2.0.0||^3.0.0||^4.0.0, rollup@^4.2.0:
    version "4.5.0"
    resolved "https://registry.npmmirror.com/rollup/-/rollup-4.5.0.tgz"
    integrity sha512-41xsWhzxqjMDASCxH5ibw1mXk+3c4TNI2UjKbLxe6iEzrSQnqOzmmK8/3mufCPbzHNJ2e04Fc1ddI35hHy+8zg==
    optionalDependencies:
      "@rollup/rollup-android-arm-eabi" "4.5.0"
      "@rollup/rollup-android-arm64" "4.5.0"
      "@rollup/rollup-darwin-arm64" "4.5.0"
      "@rollup/rollup-darwin-x64" "4.5.0"
      "@rollup/rollup-linux-arm-gnueabihf" "4.5.0"
      "@rollup/rollup-linux-arm64-gnu" "4.5.0"
      "@rollup/rollup-linux-arm64-musl" "4.5.0"
      "@rollup/rollup-linux-x64-gnu" "4.5.0"
      "@rollup/rollup-linux-x64-musl" "4.5.0"
      "@rollup/rollup-win32-arm64-msvc" "4.5.0"
      "@rollup/rollup-win32-ia32-msvc" "4.5.0"
      "@rollup/rollup-win32-x64-msvc" "4.5.0"
      fsevents "~2.3.2"
  
  run-parallel@^1.1.9:
    version "1.2.0"
    resolved "https://registry.npmmirror.com/run-parallel/-/run-parallel-1.2.0.tgz"
    integrity sha512-5l4VyZR86LZ/lDxZTR6jqL8AFE2S0IFLMP26AbjsLVADxHdhB/c0GUsH+y39UfCi3dzz8OlQuPmnaJOMoDHQBA==
    dependencies:
      queue-microtask "^1.2.2"
  
  scule@^1.0.0:
    version "1.1.0"
    resolved "https://registry.npmmirror.com/scule/-/scule-1.1.0.tgz"
    integrity sha512-vRUjqhyM/YWYzT+jsMk6tnl3NkY4A4soJ8uyh3O6Um+JXEQL9ozUCe7pqrxn3CSKokw0hw3nFStfskzpgYwR0g==
  
  semver@^7.5.4:
    version "7.5.4"
    resolved "https://registry.npmmirror.com/semver/-/semver-7.5.4.tgz"
    integrity sha512-1bCSESV6Pv+i21Hvpxp3Dx+pSD8lIPt8uVjRrxAUt/nbswYc+tK6Y2btiULjd4+fnq15PX+nqQDC7Oft7WkwcA==
    dependencies:
      lru-cache "^6.0.0"
  
  source-map-js@^1.0.2:
    version "1.0.2"
    resolved "https://registry.npmmirror.com/source-map-js/-/source-map-js-1.0.2.tgz"
    integrity sha512-R0XvVJ9WusLiqTCEiGCmICCMplcCkIwwR11mOSD9CR5u+IXYdiseeEuXCVAjS54zqwkLcPNnmU4OeJ6tUrWhDw==
  
  strip-literal@^1.3.0:
    version "1.3.0"
    resolved "https://registry.npmmirror.com/strip-literal/-/strip-literal-1.3.0.tgz"
    integrity sha512-PugKzOsyXpArk0yWmUwqOZecSO0GH0bPoctLcqNDH9J04pVW3lflYE0ujElBGTloevcxF5MofAOZ7C5l2b+wLg==
    dependencies:
      acorn "^8.10.0"
  
  supports-preserve-symlinks-flag@^1.0.0:
    version "1.0.0"
    resolved "https://registry.npmmirror.com/supports-preserve-symlinks-flag/-/supports-preserve-symlinks-flag-1.0.0.tgz"
    integrity sha512-ot0WnXS9fgdkgIcePe6RHNk1WA8+muPa6cSjeR3V8K27q9BB1rTE3R1p7Hv0z1ZyAc8s6Vvv8DIyWf681MAt0w==
  
  to-regex-range@^5.0.1:
    version "5.0.1"
    resolved "https://registry.npmmirror.com/to-regex-range/-/to-regex-range-5.0.1.tgz"
    integrity sha512-65P7iz6X5yEr1cwcgvQxbbIw7Uk3gOy5dIdtZ4rDveLqhrdJP+Li/Hx6tyK0NEb+2GCyneCMJiGqrADCSNk8sQ==
    dependencies:
      is-number "^7.0.0"
  
  typescript@*, typescript@^5.2.2:
    version "5.2.2"
    resolved "https://registry.npmmirror.com/typescript/-/typescript-5.2.2.tgz"
    integrity sha512-mI4WrpHsbCIcwT9cF4FZvr80QUeKvsUsUvKDoR+X/7XHQH98xYD8YHZg7ANtz2GtZt/CBq2QJ0thkGJMHfqc1w==
  
  ufo@^1.3.0:
    version "1.3.2"
    resolved "https://registry.npmmirror.com/ufo/-/ufo-1.3.2.tgz"
    integrity sha512-o+ORpgGwaYQXgqGDwd+hkS4PuZ3QnmqMMxRuajK/a38L6fTpcE5GPIfrf+L/KemFzfUpeUQc1rRS1iDBozvnFA==
  
  unimport@^3.4.0:
    version "3.5.0"
    resolved "https://registry.npmmirror.com/unimport/-/unimport-3.5.0.tgz"
    integrity sha512-0Ei1iTeSYxs7oxxUf79/KaBc2dPjZxe7qdVpw7yIz5YcdTZjmBYO6ToLDW+fX9QOHiueZ3xtwb5Z/wqaSfXx6A==
    dependencies:
      "@rollup/pluginutils" "^5.0.5"
      escape-string-regexp "^5.0.0"
      fast-glob "^3.3.2"
      local-pkg "^0.5.0"
      magic-string "^0.30.5"
      mlly "^1.4.2"
      pathe "^1.1.1"
      pkg-types "^1.0.3"
      scule "^1.0.0"
      strip-literal "^1.3.0"
      unplugin "^1.5.0"
  
  unplugin-auto-import@^0.16.7:
    version "0.16.7"
    resolved "https://registry.npmmirror.com/unplugin-auto-import/-/unplugin-auto-import-0.16.7.tgz"
    integrity sha512-w7XmnRlchq6YUFJVFGSvG1T/6j8GrdYN6Em9Wf0Ye+HXgD/22kont+WnuCAA0UaUoxtuvRR1u/mXKy63g/hfqQ==
    dependencies:
      "@antfu/utils" "^0.7.6"
      "@rollup/pluginutils" "^5.0.5"
      fast-glob "^3.3.1"
      local-pkg "^0.5.0"
      magic-string "^0.30.5"
      minimatch "^9.0.3"
      unimport "^3.4.0"
      unplugin "^1.5.0"
  
  unplugin-vue-components@^0.25.2:
    version "0.25.2"
    resolved "https://registry.npmmirror.com/unplugin-vue-components/-/unplugin-vue-components-0.25.2.tgz"
    integrity sha512-OVmLFqILH6w+eM8fyt/d/eoJT9A6WO51NZLf1vC5c1FZ4rmq2bbGxTy8WP2Jm7xwFdukaIdv819+UI7RClPyCA==
    dependencies:
      "@antfu/utils" "^0.7.5"
      "@rollup/pluginutils" "^5.0.2"
      chokidar "^3.5.3"
      debug "^4.3.4"
      fast-glob "^3.3.0"
      local-pkg "^0.4.3"
      magic-string "^0.30.1"
      minimatch "^9.0.3"
      resolve "^1.22.2"
      unplugin "^1.4.0"
  
  unplugin@^1.4.0, unplugin@^1.5.0:
    version "1.5.1"
    resolved "https://registry.npmmirror.com/unplugin/-/unplugin-1.5.1.tgz"
    integrity sha512-0QkvG13z6RD+1L1FoibQqnvTwVBXvS4XSPwAyinVgoOCl2jAgwzdUKmEj05o4Lt8xwQI85Hb6mSyYkcAGwZPew==
    dependencies:
      acorn "^8.11.2"
      chokidar "^3.5.3"
      webpack-sources "^3.2.3"
      webpack-virtual-modules "^0.6.0"
  
  "vite@^4.0.0 || ^5.0.0", vite@^5.0.0:
    version "5.0.0"
    resolved "https://registry.npmmirror.com/vite/-/vite-5.0.0.tgz"
    integrity sha512-ESJVM59mdyGpsiNAeHQOR/0fqNoOyWPYesFto8FFZugfmhdHx8Fzd8sF3Q/xkVhZsyOxHfdM7ieiVAorI9RjFw==
    dependencies:
      esbuild "^0.19.3"
      postcss "^8.4.31"
      rollup "^4.2.0"
    optionalDependencies:
      fsevents "~2.3.3"
  
  vue-demi@*:
    version "0.14.6"
    resolved "https://registry.npmmirror.com/vue-demi/-/vue-demi-0.14.6.tgz"
    integrity sha512-8QA7wrYSHKaYgUxDA5ZC24w+eHm3sYCbp0EzcDwKqN3p6HqtTCGR/GVsPyZW92unff4UlcSh++lmqDWN3ZIq4w==
  
  vue-router@^4.2.5:
    version "4.2.5"
    resolved "https://registry.npmmirror.com/vue-router/-/vue-router-4.2.5.tgz"
    integrity sha512-DIUpKcyg4+PTQKfFPX88UWhlagBEBEfJ5A8XDXRJLUnZOvcpMF8o/dnL90vpVkGaPbjvXazV/rC1qBKrZlFugw==
    dependencies:
      "@vue/devtools-api" "^6.5.0"
  
  vue-template-compiler@^2.7.14:
    version "2.7.15"
    resolved "https://registry.npmmirror.com/vue-template-compiler/-/vue-template-compiler-2.7.15.tgz"
    integrity sha512-yQxjxMptBL7UAog00O8sANud99C6wJF+7kgbcwqkvA38vCGF7HWE66w0ZFnS/kX5gSoJr/PQ4/oS3Ne2pW37Og==
    dependencies:
      de-indent "^1.0.2"
      he "^1.2.0"
  
  vue-tsc@^1.8.22:
    version "1.8.22"
    resolved "https://registry.npmmirror.com/vue-tsc/-/vue-tsc-1.8.22.tgz"
    integrity sha512-j9P4kHtW6eEE08aS5McFZE/ivmipXy0JzrnTgbomfABMaVKx37kNBw//irL3+LlE3kOo63XpnRigyPC3w7+z+A==
    dependencies:
      "@volar/typescript" "~1.10.5"
      "@vue/language-core" "1.8.22"
      semver "^7.5.4"
  
  "vue@^3.0.0-0 || ^2.6.0", vue@^3.2.0, vue@^3.2.25, vue@^3.3.8, "vue@2 || 3", vue@3.3.8:
    version "3.3.8"
    resolved "https://registry.npmmirror.com/vue/-/vue-3.3.8.tgz"
    integrity sha512-5VSX/3DabBikOXMsxzlW8JyfeLKlG9mzqnWgLQLty88vdZL7ZJgrdgBOmrArwxiLtmS+lNNpPcBYqrhE6TQW5w==
    dependencies:
      "@vue/compiler-dom" "3.3.8"
      "@vue/compiler-sfc" "3.3.8"
      "@vue/runtime-dom" "3.3.8"
      "@vue/server-renderer" "3.3.8"
      "@vue/shared" "3.3.8"
  
  webpack-sources@^3.2.3:
    version "3.2.3"
    resolved "https://registry.npmmirror.com/webpack-sources/-/webpack-sources-3.2.3.tgz"
    integrity sha512-/DyMEOrDgLKKIG0fmvtz+4dUX/3Ghozwgm6iPp8KRhvn+eQf9+Q7GWxVNMk3+uCPWfdXYC4ExGBckIXdFEfH1w==
  
  webpack-virtual-modules@^0.6.0:
    version "0.6.0"
    resolved "https://registry.npmmirror.com/webpack-virtual-modules/-/webpack-virtual-modules-0.6.0.tgz"
    integrity sha512-KnaMTE6EItz/f2q4Gwg5/rmeKVi79OR58NoYnwDJqCk9ywMtTGbBnBcfoBtN4QbYu0lWXvyMoH2Owxuhe4qI6Q==
  
  yallist@^4.0.0:
    version "4.0.0"
    resolved "https://registry.npmmirror.com/yallist/-/yallist-4.0.0.tgz"
    integrity sha512-3wdGidZyq5PB084XLES5TpOSRA3wjXAlIWMhum2kRcv/41Sn2emQ0dycQW4uZXLejwKvg6EsvbdlVL+FYEct7A==
